  [1m[35m (51.2ms)[0m  [1m[35mCREATE DATABASE "pincanelo_api_development" ENCODING = 'unicode'[0m
  [1m[35m (36.4ms)[0m  [1m[35mCREATE DATABASE "pincanelo_api_test" ENCODING = 'unicode'[0m
  [1m[35m (3.4ms)[0m  [1m[35mCREATE TABLE "schema_migrations" ("version" character varying NOT NULL PRIMARY KEY)[0m
  [1m[35m (1.2ms)[0m  [1m[35mCREATE TABLE "ar_internal_metadata" ("key" character varying NOT NULL PRIMARY KEY, "value" character varying, "created_at" timestamp(6) NOT NULL, "updated_at" timestamp(6) NOT NULL)[0m
  [1m[35m (0.0ms)[0m  [1m[34mSELECT pg_try_advisory_lock(2568923131474619745)[0m
  [1m[36mActiveRecord::SchemaMigration Load (0.2ms)[0m  [1m[34mSELECT "schema_migrations"."version" FROM "schema_migrations" ORDER BY "schema_migrations"."version" ASC[0m
  [1m[36mActiveRecord::InternalMetadata Load (0.8ms)[0m  [1m[34mSELECT * FROM "ar_internal_metadata" WHERE "ar_internal_metadata"."key" = $1 ORDER BY "ar_internal_metadata"."key" ASC LIMIT 1[0m  [[nil, "environment"]]
  [1m[36mActiveRecord::InternalMetadata Create (0.8ms)[0m  [1m[32mINSERT INTO "ar_internal_metadata" ("key", "value", "created_at", "updated_at") VALUES ('environment', 'development', '2024-10-17 15:14:43.803224', '2024-10-17 15:14:43.803225') RETURNING "key"[0m
Migrating to CreatePlayers (20241017151228)
  [1m[36mTRANSACTION (0.1ms)[0m  [1m[35mBEGIN[0m
  [1m[35m (6.4ms)[0m  [1m[35mCREATE TABLE "players" ("id" bigserial primary key, "name" character varying NOT NULL, "elo_rating" integer DEFAULT 1500 NOT NULL, "created_at" timestamp(6) NOT NULL, "updated_at" timestamp(6) NOT NULL)[0m
  [1m[36mActiveRecord::SchemaMigration Create (0.1ms)[0m  [1m[32mINSERT INTO "schema_migrations" ("version") VALUES ('20241017151228') RETURNING "version"[0m
  [1m[36mTRANSACTION (0.3ms)[0m  [1m[35mCOMMIT[0m
  [1m[35m (0.1ms)[0m  [1m[34mSELECT pg_advisory_unlock(2568923131474619745)[0m
  [1m[36mActiveRecord::SchemaMigration Load (0.1ms)[0m  [1m[34mSELECT "schema_migrations"."version" FROM "schema_migrations" ORDER BY "schema_migrations"."version" ASC[0m
Started POST "/players" for ::1 at 2024-10-17 17:23:19 +0200
  [1m[36mActiveRecord::SchemaMigration Load (0.8ms)[0m  [1m[34mSELECT "schema_migrations"."version" FROM "schema_migrations" ORDER BY "schema_migrations"."version" ASC[0m
Processing by PlayersController#create as */*
  Parameters: {"task"=>{"title"=>"Pippo"}, "player"=>{}}
Completed 400 Bad Request in 5ms (ActiveRecord: 7.8ms | Allocations: 3694)


  
ActionController::ParameterMissing (param is missing or the value is empty: player):
  
app/controllers/players_controller.rb:18:in `player_params'
app/controllers/players_controller.rb:7:in `create'
Started POST "/players" for ::1 at 2024-10-17 17:23:36 +0200
Processing by PlayersController#create as */*
  Parameters: {"player"=>{"title"=>"Pippo"}}
[31mUnpermitted parameter: :title. Context: { controller: PlayersController, action: create, request: #<ActionDispatch::Request:0x0000000106476060>, params: {"player"=>{"title"=>"Pippo"}, "controller"=>"players", "action"=>"create"} }[0m
Completed 422 Unprocessable Content in 19ms (Views: 0.1ms | ActiveRecord: 3.6ms | Allocations: 8318)


Started POST "/players" for ::1 at 2024-10-17 17:23:41 +0200
Processing by PlayersController#create as */*
  Parameters: {"player"=>{"name"=>"Pippo"}}
  [1m[36mTRANSACTION (0.2ms)[0m  [1m[35mBEGIN[0m
  ↳ app/controllers/players_controller.rb:7:in `create'
  [1m[36mPlayer Create (4.8ms)[0m  [1m[32mINSERT INTO "players" ("name", "elo_rating", "created_at", "updated_at") VALUES ($1, $2, $3, $4) RETURNING "id"[0m  [["name", "Pippo"], ["elo_rating", 1500], ["created_at", "2024-10-17 15:23:41.694218"], ["updated_at", "2024-10-17 15:23:41.694218"]]
  ↳ app/controllers/players_controller.rb:7:in `create'
  [1m[36mTRANSACTION (0.3ms)[0m  [1m[35mCOMMIT[0m
  ↳ app/controllers/players_controller.rb:7:in `create'
Completed 201 Created in 8ms (Views: 0.1ms | ActiveRecord: 5.3ms | Allocations: 2403)


Started POST "/players" for ::1 at 2024-10-17 17:23:54 +0200
Processing by PlayersController#create as */*
  Parameters: {"player"=>{"name"=>"Pippo"}}
  [1m[36mTRANSACTION (0.3ms)[0m  [1m[35mBEGIN[0m
  ↳ app/controllers/players_controller.rb:7:in `create'
  [1m[36mPlayer Create (1.7ms)[0m  [1m[32mINSERT INTO "players" ("name", "elo_rating", "created_at", "updated_at") VALUES ($1, $2, $3, $4) RETURNING "id"[0m  [["name", "Pippo"], ["elo_rating", 1500], ["created_at", "2024-10-17 15:23:54.944453"], ["updated_at", "2024-10-17 15:23:54.944453"]]
  ↳ app/controllers/players_controller.rb:7:in `create'
  [1m[36mTRANSACTION (0.6ms)[0m  [1m[35mCOMMIT[0m
  ↳ app/controllers/players_controller.rb:7:in `create'
Completed 201 Created in 6ms (Views: 0.2ms | ActiveRecord: 2.5ms | Allocations: 1691)


Started GET "/tasks" for ::1 at 2024-10-17 17:23:58 +0200
  
ActionController::RoutingError (No route matches [GET] "/tasks"):
  
Started GET "/players" for ::1 at 2024-10-17 17:24:13 +0200
Processing by PlayersController#index as */*
  [1m[36mPlayer Load (0.3ms)[0m  [1m[34mSELECT "players".* FROM "players"[0m
  ↳ app/controllers/players_controller.rb:3:in `index'
Completed 200 OK in 18ms (Views: 1.2ms | ActiveRecord: 0.3ms | Allocations: 4120)


